{"meta": {"format": 3, "version": "7.9.2", "timestamp": "2025-07-19T15:03:39.712982", "branch_coverage": false, "show_contexts": false}, "files": {"src/__init__.py": {"executed_lines": [1, 17, 18, 19, 21, 23], "summary": {"covered_lines": 5, "num_statements": 5, "percent_covered": 100.0, "percent_covered_display": "100", "missing_lines": 0, "excluded_lines": 0}, "missing_lines": [], "excluded_lines": [], "functions": {"": {"executed_lines": [1, 17, 18, 19, 21, 23], "summary": {"covered_lines": 5, "num_statements": 5, "percent_covered": 100.0, "percent_covered_display": "100", "missing_lines": 0, "excluded_lines": 0}, "missing_lines": [], "excluded_lines": []}}, "classes": {"": {"executed_lines": [1, 17, 18, 19, 21, 23], "summary": {"covered_lines": 5, "num_statements": 5, "percent_covered": 100.0, "percent_covered_display": "100", "missing_lines": 0, "excluded_lines": 0}, "missing_lines": [], "excluded_lines": []}}}, "src/data/__init__.py": {"executed_lines": [1, 11, 12, 14], "summary": {"covered_lines": 3, "num_statements": 3, "percent_covered": 100.0, "percent_covered_display": "100", "missing_lines": 0, "excluded_lines": 0}, "missing_lines": [], "excluded_lines": [], "functions": {"": {"executed_lines": [1, 11, 12, 14], "summary": {"covered_lines": 3, "num_statements": 3, "percent_covered": 100.0, "percent_covered_display": "100", "missing_lines": 0, "excluded_lines": 0}, "missing_lines": [], "excluded_lines": []}}, "classes": {"": {"executed_lines": [1, 11, 12, 14], "summary": {"covered_lines": 3, "num_statements": 3, "percent_covered": 100.0, "percent_covered_display": "100", "missing_lines": 0, "excluded_lines": 0}, "missing_lines": [], "excluded_lines": []}}}, "src/data/dataset.py": {"executed_lines": [1, 8, 9, 10, 12, 13, 14, 15, 16, 17, 18, 21, 22, 32, 54, 55, 56, 57, 58, 59, 60, 63, 67, 70, 76, 77, 79, 81, 83, 84, 87, 89, 91, 92, 93, 94, 95, 96, 104, 106, 108, 109, 134, 136, 138, 148, 152, 153, 156, 157, 162, 165, 166, 169, 170, 172, 175, 183, 184, 187, 189, 191, 192, 193, 197, 199, 201, 205, 206, 207, 210, 211, 214, 217, 218, 219, 221, 223, 225, 232, 233, 234, 235, 237, 240, 241, 250, 260, 278], "summary": {"covered_lines": 86, "num_statements": 119, "percent_covered": 72.26890756302521, "percent_covered_display": "72", "missing_lines": 33, "excluded_lines": 0}, "missing_lines": [64, 71, 99, 100, 101, 102, 124, 149, 158, 159, 173, 185, 202, 251, 254, 262, 265, 266, 268, 269, 270, 271, 272, 273, 275, 276, 280, 282, 283, 284, 285, 287, 288], "excluded_lines": [], "functions": {"RetinaDataset.__init__": {"executed_lines": [54, 55, 56, 57, 58, 59, 60, 63, 67, 70, 76, 77], "summary": {"covered_lines": 12, "num_statements": 14, "percent_covered": 85.71428571428571, "percent_covered_display": "86", "missing_lines": 2, "excluded_lines": 0}, "missing_lines": [64, 71], "excluded_lines": []}, "RetinaDataset._create_annotations_from_directory": {"executed_lines": [81, 83, 84, 87, 89, 91, 92, 93, 94, 95, 96, 104], "summary": {"covered_lines": 12, "num_statements": 16, "percent_covered": 75.0, "percent_covered_display": "75", "missing_lines": 4, "excluded_lines": 0}, "missing_lines": [99, 100, 101, 102], "excluded_lines": []}, "RetinaDataset._get_default_transform": {"executed_lines": [108, 109], "summary": {"covered_lines": 2, "num_statements": 3, "percent_covered": 66.66666666666667, "percent_covered_display": "67", "missing_lines": 1, "excluded_lines": 0}, "missing_lines": [124], "excluded_lines": []}, "RetinaDataset.__len__": {"executed_lines": [136], "summary": {"covered_lines": 1, "num_statements": 1, "percent_covered": 100.0, "percent_covered_display": "100", "missing_lines": 0, "excluded_lines": 0}, "missing_lines": [], "excluded_lines": []}, "RetinaDataset.__getitem__": {"executed_lines": [148, 152, 153, 156, 157, 162, 165, 166, 169, 170, 172, 175, 183, 184, 187], "summary": {"covered_lines": 15, "num_statements": 20, "percent_covered": 75.0, "percent_covered_display": "75", "missing_lines": 5, "excluded_lines": 0}, "missing_lines": [149, 158, 159, 173, 185], "excluded_lines": []}, "RetinaDataset._encode_label": {"executed_lines": [191, 192, 193, 197], "summary": {"covered_lines": 4, "num_statements": 4, "percent_covered": 100.0, "percent_covered_display": "100", "missing_lines": 0, "excluded_lines": 0}, "missing_lines": [], "excluded_lines": []}, "RetinaDataset.get_class_weights": {"executed_lines": [201, 205, 206, 207, 210, 211, 214, 217, 218, 219, 221], "summary": {"covered_lines": 11, "num_statements": 12, "percent_covered": 91.66666666666667, "percent_covered_display": "92", "missing_lines": 1, "excluded_lines": 0}, "missing_lines": [202], "excluded_lines": []}, "RetinaDataset.get_dataset_stats": {"executed_lines": [225, 232, 233, 234, 235, 237], "summary": {"covered_lines": 6, "num_statements": 6, "percent_covered": 100.0, "percent_covered_display": "100", "missing_lines": 0, "excluded_lines": 0}, "missing_lines": [], "excluded_lines": []}, "MultiTaskRetinaDataset.__init__": {"executed_lines": [], "summary": {"covered_lines": 0, "num_statements": 2, "percent_covered": 0.0, "percent_covered_display": "0", "missing_lines": 2, "excluded_lines": 0}, "missing_lines": [251, 254], "excluded_lines": []}, "MultiTaskRetinaDataset.__getitem__": {"executed_lines": [], "summary": {"covered_lines": 0, "num_statements": 11, "percent_covered": 0.0, "percent_covered_display": "0", "missing_lines": 11, "excluded_lines": 0}, "missing_lines": [262, 265, 266, 268, 269, 270, 271, 272, 273, 275, 276], "excluded_lines": []}, "MultiTaskRetinaDataset._encode_task_label": {"executed_lines": [], "summary": {"covered_lines": 0, "num_statements": 7, "percent_covered": 0.0, "percent_covered_display": "0", "missing_lines": 7, "excluded_lines": 0}, "missing_lines": [280, 282, 283, 284, 285, 287, 288], "excluded_lines": []}, "": {"executed_lines": [1, 8, 9, 10, 12, 13, 14, 15, 16, 17, 18, 21, 22, 32, 79, 106, 134, 138, 189, 199, 223, 240, 241, 250, 260, 278], "summary": {"covered_lines": 23, "num_statements": 23, "percent_covered": 100.0, "percent_covered_display": "100", "missing_lines": 0, "excluded_lines": 0}, "missing_lines": [], "excluded_lines": []}}, "classes": {"RetinaDataset": {"executed_lines": [54, 55, 56, 57, 58, 59, 60, 63, 67, 70, 76, 77, 81, 83, 84, 87, 89, 91, 92, 93, 94, 95, 96, 104, 108, 109, 136, 148, 152, 153, 156, 157, 162, 165, 166, 169, 170, 172, 175, 183, 184, 187, 191, 192, 193, 197, 201, 205, 206, 207, 210, 211, 214, 217, 218, 219, 221, 225, 232, 233, 234, 235, 237], "summary": {"covered_lines": 63, "num_statements": 76, "percent_covered": 82.89473684210526, "percent_covered_display": "83", "missing_lines": 13, "excluded_lines": 0}, "missing_lines": [64, 71, 99, 100, 101, 102, 124, 149, 158, 159, 173, 185, 202], "excluded_lines": []}, "MultiTaskRetinaDataset": {"executed_lines": [], "summary": {"covered_lines": 0, "num_statements": 20, "percent_covered": 0.0, "percent_covered_display": "0", "missing_lines": 20, "excluded_lines": 0}, "missing_lines": [251, 254, 262, 265, 266, 268, 269, 270, 271, 272, 273, 275, 276, 280, 282, 283, 284, 285, 287, 288], "excluded_lines": []}, "": {"executed_lines": [1, 8, 9, 10, 12, 13, 14, 15, 16, 17, 18, 21, 22, 32, 79, 106, 134, 138, 189, 199, 223, 240, 241, 250, 260, 278], "summary": {"covered_lines": 23, "num_statements": 23, "percent_covered": 100.0, "percent_covered_display": "100", "missing_lines": 0, "excluded_lines": 0}, "missing_lines": [], "excluded_lines": []}}}, "src/data/preprocessing.py": {"executed_lines": [1, 8, 9, 11, 12, 13, 16, 17, 24, 40, 41, 42, 43, 45, 61, 62, 66, 69, 72, 75, 78, 79, 82, 83, 86, 89, 92, 93, 96, 97, 100, 114, 115, 117, 119, 120, 123, 124, 128, 130, 132, 143, 146, 149, 150, 153, 156, 159, 160, 161, 162, 163, 164, 167, 169, 171, 182, 185, 188, 189, 191, 193, 204, 207, 208, 211, 213, 215, 226, 229, 230, 233, 236, 241, 243, 244, 246, 247, 250, 252, 254, 255, 271, 272, 275, 278, 279, 282, 285, 287, 288, 291, 292, 293, 294, 297, 301, 303, 304, 314, 316, 358], "summary": {"covered_lines": 100, "num_statements": 135, "percent_covered": 74.07407407407408, "percent_covered_display": "74", "missing_lines": 35, "excluded_lines": 0}, "missing_lines": [63, 64, 98, 125, 327, 328, 330, 333, 336, 339, 342, 346, 347, 350, 353, 354, 356, 375, 377, 378, 379, 381, 382, 384, 387, 390, 391, 392, 393, 397, 399, 401, 402, 403, 405], "excluded_lines": [], "functions": {"ImagePreprocessor.__init__": {"executed_lines": [40, 41, 42, 43], "summary": {"covered_lines": 4, "num_statements": 4, "percent_covered": 100.0, "percent_covered_display": "100", "missing_lines": 0, "excluded_lines": 0}, "missing_lines": [], "excluded_lines": []}, "ImagePreprocessor.preprocess": {"executed_lines": [61, 62, 66, 69, 72, 75, 78, 79, 82, 83, 86, 89, 92, 93, 96, 97, 100], "summary": {"covered_lines": 17, "num_statements": 20, "percent_covered": 85.0, "percent_covered_display": "85", "missing_lines": 3, "excluded_lines": 0}, "missing_lines": [63, 64, 98], "excluded_lines": []}, "ImagePreprocessor.load_image": {"executed_lines": [117, 119, 120, 123, 124, 128, 130], "summary": {"covered_lines": 7, "num_statements": 8, "percent_covered": 87.5, "percent_covered_display": "88", "missing_lines": 1, "excluded_lines": 0}, "missing_lines": [125], "excluded_lines": []}, "ImagePreprocessor.assess_image_quality": {"executed_lines": [143, 146, 149, 150, 153, 156, 159, 160, 161, 162, 163, 164, 167, 169], "summary": {"covered_lines": 14, "num_statements": 14, "percent_covered": 100.0, "percent_covered_display": "100", "missing_lines": 0, "excluded_lines": 0}, "missing_lines": [], "excluded_lines": []}, "ImagePreprocessor.remove_artifacts_func": {"executed_lines": [182, 185, 188, 189, 191], "summary": {"covered_lines": 5, "num_statements": 5, "percent_covered": 100.0, "percent_covered_display": "100", "missing_lines": 0, "excluded_lines": 0}, "missing_lines": [], "excluded_lines": []}, "ImagePreprocessor.enhance_contrast_func": {"executed_lines": [204, 207, 208, 211, 213], "summary": {"covered_lines": 5, "num_statements": 5, "percent_covered": 100.0, "percent_covered_display": "100", "missing_lines": 0, "excluded_lines": 0}, "missing_lines": [], "excluded_lines": []}, "ImagePreprocessor.normalize_illumination": {"executed_lines": [226, 229, 230, 233, 236, 241, 243, 244, 246, 247, 250, 252], "summary": {"covered_lines": 12, "num_statements": 12, "percent_covered": 100.0, "percent_covered_display": "100", "missing_lines": 0, "excluded_lines": 0}, "missing_lines": [], "excluded_lines": []}, "ImagePreprocessor.resize_image": {"executed_lines": [271, 272, 275, 278, 279, 282, 285, 287, 288, 291, 292, 293, 294, 297, 301], "summary": {"covered_lines": 15, "num_statements": 15, "percent_covered": 100.0, "percent_covered_display": "100", "missing_lines": 0, "excluded_lines": 0}, "missing_lines": [], "excluded_lines": []}, "ImagePreprocessor.normalize_pixels": {"executed_lines": [314], "summary": {"covered_lines": 1, "num_statements": 1, "percent_covered": 100.0, "percent_covered_display": "100", "missing_lines": 0, "excluded_lines": 0}, "missing_lines": [], "excluded_lines": []}, "ImagePreprocessor.detect_optic_disc": {"executed_lines": [], "summary": {"covered_lines": 0, "num_statements": 13, "percent_covered": 0.0, "percent_covered_display": "0", "missing_lines": 13, "excluded_lines": 0}, "missing_lines": [327, 328, 330, 333, 336, 339, 342, 346, 347, 350, 353, 354, 356], "excluded_lines": []}, "ImagePreprocessor.batch_preprocess": {"executed_lines": [], "summary": {"covered_lines": 0, "num_statements": 18, "percent_covered": 0.0, "percent_covered_display": "0", "missing_lines": 18, "excluded_lines": 0}, "missing_lines": [375, 377, 378, 379, 381, 382, 384, 387, 390, 391, 392, 393, 397, 399, 401, 402, 403, 405], "excluded_lines": []}, "": {"executed_lines": [1, 8, 9, 11, 12, 13, 16, 17, 24, 45, 114, 115, 132, 171, 193, 215, 254, 255, 303, 304, 316, 358], "summary": {"covered_lines": 20, "num_statements": 20, "percent_covered": 100.0, "percent_covered_display": "100", "missing_lines": 0, "excluded_lines": 0}, "missing_lines": [], "excluded_lines": []}}, "classes": {"ImagePreprocessor": {"executed_lines": [40, 41, 42, 43, 61, 62, 66, 69, 72, 75, 78, 79, 82, 83, 86, 89, 92, 93, 96, 97, 100, 117, 119, 120, 123, 124, 128, 130, 143, 146, 149, 150, 153, 156, 159, 160, 161, 162, 163, 164, 167, 169, 182, 185, 188, 189, 191, 204, 207, 208, 211, 213, 226, 229, 230, 233, 236, 241, 243, 244, 246, 247, 250, 252, 271, 272, 275, 278, 279, 282, 285, 287, 288, 291, 292, 293, 294, 297, 301, 314], "summary": {"covered_lines": 80, "num_statements": 115, "percent_covered": 69.56521739130434, "percent_covered_display": "70", "missing_lines": 35, "excluded_lines": 0}, "missing_lines": [63, 64, 98, 125, 327, 328, 330, 333, 336, 339, 342, 346, 347, 350, 353, 354, 356, 375, 377, 378, 379, 381, 382, 384, 387, 390, 391, 392, 393, 397, 399, 401, 402, 403, 405], "excluded_lines": []}, "": {"executed_lines": [1, 8, 9, 11, 12, 13, 16, 17, 24, 45, 114, 115, 132, 171, 193, 215, 254, 255, 303, 304, 316, 358], "summary": {"covered_lines": 20, "num_statements": 20, "percent_covered": 100.0, "percent_covered_display": "100", "missing_lines": 0, "excluded_lines": 0}, "missing_lines": [], "excluded_lines": []}}}}, "totals": {"covered_lines": 194, "num_statements": 262, "percent_covered": 74.04580152671755, "percent_covered_display": "74", "missing_lines": 68, "excluded_lines": 0}}